<?xml version="1.0" encoding="UTF-8"?>
<testng-results skipped="0" failed="0" ignored="0" total="1" passed="1">
  <reporter-output>
  </reporter-output>
  <suite name="Walmart Test Automation Script" duration-ms="19932" started-at="2020-04-21T18:54:07Z" finished-at="2020-04-21T18:54:27Z">
    <groups>
    </groups>
    <test name="Walmart" duration-ms="19932" started-at="2020-04-21T18:54:07Z" finished-at="2020-04-21T18:54:27Z">
      <class name="WalmartTestingPackage.TitleTesting">
        <test-method status="PASS" signature="setUp()[pri:0, instance:WalmartTestingPackage.TitleTesting@60addb54]" name="setUp" is-config="true" duration-ms="8755" started-at="2020-04-21T18:54:07Z" finished-at="2020-04-21T18:54:16Z">
          <reporter-output>
          </reporter-output>
        </test-method> <!-- setUp -->
        <test-method status="PASS" signature="testTitle()[pri:0, instance:WalmartTestingPackage.TitleTesting@60addb54]" name="testTitle" duration-ms="7102" started-at="2020-04-21T18:54:16Z" finished-at="2020-04-21T18:54:23Z">
          <reporter-output>
          </reporter-output>
        </test-method> <!-- testTitle -->
        <test-method status="PASS" signature="close()[pri:0, instance:WalmartTestingPackage.TitleTesting@60addb54]" name="close" is-config="true" duration-ms="4037" started-at="2020-04-21T18:54:23Z" finished-at="2020-04-21T18:54:27Z">
          <reporter-output>
          </reporter-output>
        </test-method> <!-- close -->
      </class> <!-- WalmartTestingPackage.TitleTesting -->
    </test> <!-- Walmart -->
  </suite> <!-- Walmart Test Automation Script -->
</testng-results>
